2025-09-26T11:21:13.301+09:00  INFO 13864 --- [sboard] [Test worker] kr.co.sboard.SboardApplicationTests      : Starting SboardApplicationTests using Java 17.0.0.1 with PID 13864 (started by GGG in C:\Users\GGG\Desktop\Workspace\sboard)
2025-09-26T11:21:13.323+09:00  INFO 13864 --- [sboard] [Test worker] kr.co.sboard.SboardApplicationTests      : No active profile set, falling back to 1 default profile: "default"
2025-09-26T11:21:14.935+09:00  INFO 13864 --- [sboard] [Test worker] .s.d.r.c.RepositoryConfigurationDelegate : Bootstrapping Spring Data JPA repositories in DEFAULT mode.
2025-09-26T11:21:14.965+09:00  INFO 13864 --- [sboard] [Test worker] .s.d.r.c.RepositoryConfigurationDelegate : Finished Spring Data repository scanning in 20 ms. Found 0 JPA repository interfaces.
2025-09-26T11:21:15.308+09:00  WARN 13864 --- [sboard] [Test worker] o.m.s.mapper.ClassPathMapperScanner      : No MyBatis mapper was found in '[kr.co.sboard]' package. Please check your configuration.
2025-09-26T11:21:16.093+09:00  INFO 13864 --- [sboard] [Test worker] o.hibernate.jpa.internal.util.LogHelper  : HHH000204: Processing PersistenceUnitInfo [name: default]
2025-09-26T11:21:16.209+09:00  INFO 13864 --- [sboard] [Test worker] org.hibernate.Version                    : HHH000412: Hibernate ORM core version 6.6.29.Final
2025-09-26T11:21:16.286+09:00  INFO 13864 --- [sboard] [Test worker] o.h.c.internal.RegionFactoryInitiator    : HHH000026: Second-level cache disabled
2025-09-26T11:21:16.836+09:00  INFO 13864 --- [sboard] [Test worker] o.s.o.j.p.SpringPersistenceUnitInfo      : No LoadTimeWeaver setup: ignoring JPA class transformer
2025-09-26T11:21:16.883+09:00  INFO 13864 --- [sboard] [Test worker] com.zaxxer.hikari.HikariDataSource       : HikariPool-1 - Starting...
2025-09-26T11:21:16.890+09:00  WARN 13864 --- [sboard] [Test worker] c.zaxxer.hikari.util.DriverDataSource    : Registered driver with driverClassName=oracle.jdbc.driver.OracleDriver was not found, trying direct instantiation.
2025-09-26T11:21:17.612+09:00  INFO 13864 --- [sboard] [Test worker] com.zaxxer.hikari.pool.HikariPool        : HikariPool-1 - Added connection oracle.jdbc.driver.T4CConnection@a7bbdbc
2025-09-26T11:21:17.615+09:00  INFO 13864 --- [sboard] [Test worker] com.zaxxer.hikari.HikariDataSource       : HikariPool-1 - Start completed.
2025-09-26T11:21:18.213+09:00  INFO 13864 --- [sboard] [Test worker] org.hibernate.orm.connections.pooling    : HHH10001005: Database info:
	Database JDBC URL [Connecting through datasource 'HikariDataSource (HikariPool-1)']
	Database driver: undefined/unknown
	Database version: 21.3
	Autocommit mode: undefined/unknown
	Isolation level: undefined/unknown
	Minimum pool size: undefined/unknown
	Maximum pool size: undefined/unknown
2025-09-26T11:21:19.370+09:00  INFO 13864 --- [sboard] [Test worker] o.h.e.t.j.p.i.JtaPlatformInitiator       : HHH000489: No JTA platform available (set 'hibernate.transaction.jta.platform' to enable JTA platform integration)
2025-09-26T11:21:19.378+09:00  INFO 13864 --- [sboard] [Test worker] j.LocalContainerEntityManagerFactoryBean : Initialized JPA EntityManagerFactory for persistence unit 'default'
2025-09-26T11:21:19.650+09:00  WARN 13864 --- [sboard] [Test worker] JpaBaseConfiguration$JpaWebConfiguration : spring.jpa.open-in-view is enabled by default. Therefore, database queries may be performed during view rendering. Explicitly configure spring.jpa.open-in-view to disable this warning
2025-09-26T11:21:19.721+09:00  INFO 13864 --- [sboard] [Test worker] o.s.b.a.w.s.WelcomePageHandlerMapping    : Adding welcome page template: index
2025-09-26T11:21:21.036+09:00  WARN 13864 --- [sboard] [Test worker] .s.s.UserDetailsServiceAutoConfiguration : 

Using generated security password: 5745e331-2859-4025-b1de-b701f60ed791

This generated password is for development use only. Your security configuration must be updated before running your application in production.

2025-09-26T11:21:21.046+09:00  INFO 13864 --- [sboard] [Test worker] r$InitializeUserDetailsManagerConfigurer : Global AuthenticationManager configured with UserDetailsService bean with name inMemoryUserDetailsManager
2025-09-26T11:21:21.406+09:00  INFO 13864 --- [sboard] [Test worker] kr.co.sboard.SboardApplicationTests      : Started SboardApplicationTests in 8.857 seconds (process running for 11.248)
2025-09-26T11:21:22.355+09:00  INFO 13864 --- [sboard] [SpringApplicationShutdownHook] j.LocalContainerEntityManagerFactoryBean : Closing JPA EntityManagerFactory for persistence unit 'default'
2025-09-26T11:21:22.372+09:00  INFO 13864 --- [sboard] [SpringApplicationShutdownHook] com.zaxxer.hikari.HikariDataSource       : HikariPool-1 - Shutdown initiated...
2025-09-26T11:21:22.392+09:00  INFO 13864 --- [sboard] [SpringApplicationShutdownHook] com.zaxxer.hikari.HikariDataSource       : HikariPool-1 - Shutdown completed.
